# JRE version: Java(TM) SE Runtime Environment (17.0.8+9) (build 17.0.8+9-LTS-211)
# Java VM: Java HotSpot(TM) 64-Bit Server VM (17.0.8+9-LTS-211, mixed mode, sharing, tiered, compressed oops, compressed class ptrs, g1 gc, windows-amd64)
GC Precious Log:
 CPUs: 4 total, 4 available
 Memory: 6125M
 Large Page Support: Disabled
 NUMA Support: Disabled
 Compressed Oops: Enabled (32-bit)
 Heap Region Size: 1M
 Heap Min Capacity: 8M
 Heap Initial Capacity: 96M
 Heap Max Capacity: 1532M
 Pre-touch: Disabled
 Parallel Workers: 4
 Concurrent Workers: 1
 Concurrent Refinement Workers: 4
 Periodic GC: Disabled
Heap:
 garbage-first heap   total 61440K, used 36821K [0x00000000a0400000, 0x0000000100000000)
  region size 1024K, 10 young (10240K), 1 survivors (1024K)
 Metaspace       used 74234K, committed 74624K, reserved 1179648K
  class space    used 9040K, committed 9216K, reserved 1048576K
GC Heap History (20 events):
Event: 24532.755 GC heap before
{Heap before GC invocations=109 (full 1):
 garbage-first heap   total 61440K, used 31611K [0x00000000a0400000, 0x0000000100000000)
  region size 1024K, 3 young (3072K), 1 survivors (1024K)
 Metaspace       used 73855K, committed 74304K, reserved 1179648K
  class space    used 9007K, committed 9216K, reserved 1048576K
}
Event: 24532.769 GC heap after
{Heap after GC invocations=110 (full 1):
 garbage-first heap   total 61440K, used 28950K [0x00000000a0400000, 0x0000000100000000)
  region size 1024K, 1 young (1024K), 1 survivors (1024K)
 Metaspace       used 73855K, committed 74304K, reserved 1179648K
  class space    used 9007K, committed 9216K, reserved 1048576K
}
Event: 25096.465 GC heap before
{Heap before GC invocations=110 (full 1):
 garbage-first heap   total 61440K, used 52502K [0x00000000a0400000, 0x0000000100000000)
  region size 1024K, 24 young (24576K), 1 survivors (1024K)
 Metaspace       used 73962K, committed 74432K, reserved 1179648K
  class space    used 9007K, committed 9216K, reserved 1048576K
}
Event: 25096.469 GC heap after
{Heap after GC invocations=111 (full 1):
 garbage-first heap   total 61440K, used 29386K [0x00000000a0400000, 0x0000000100000000)
  region size 1024K, 1 young (1024K), 1 survivors (1024K)
 Metaspace       used 73962K, committed 74432K, reserved 1179648K
  class space    used 9007K, committed 9216K, reserved 1048576K
}
Event: 25585.488 GC heap before
{Heap before GC invocations=112 (full 1):
 garbage-first heap   total 61440K, used 51914K [0x00000000a0400000, 0x0000000100000000)
  region size 1024K, 24 young (24576K), 1 survivors (1024K)
 Metaspace       used 74212K, committed 74624K, reserved 1179648K
  class space    used 9040K, committed 9216K, reserved 1048576K
}
Event: 25585.503 GC heap after
{Heap after GC invocations=113 (full 1):
 garbage-first heap   total 61440K, used 29466K [0x00000000a0400000, 0x0000000100000000)
  region size 1024K, 1 young (1024K), 1 survivors (1024K)
 Metaspace       used 74212K, committed 74624K, reserved 1179648K
  class space    used 9040K, committed 9216K, reserved 1048576K
}
Event: 25642.476 GC heap before
{Heap before GC invocations=113 (full 1):
 garbage-first heap   total 61440K, used 31514K [0x00000000a0400000, 0x0000000100000000)
  region size 1024K, 3 young (3072K), 1 survivors (1024K)
 Metaspace       used 74212K, committed 74624K, reserved 1179648K
  class space    used 9040K, committed 9216K, reserved 1048576K
}
Event: 25642.489 GC heap after
{Heap after GC invocations=114 (full 1):
 garbage-first heap   total 61440K, used 28812K [0x00000000a0400000, 0x0000000100000000)
  region size 1024K, 1 young (1024K), 1 survivors (1024K)
 Metaspace       used 74212K, committed 74624K, reserved 1179648K
  class space    used 9040K, committed 9216K, reserved 1048576K
}
Event: 26311.427 GC heap before
{Heap before GC invocations=114 (full 1):
 garbage-first heap   total 61440K, used 52364K [0x00000000a0400000, 0x0000000100000000)
  region size 1024K, 24 young (24576K), 1 survivors (1024K)
 Metaspace       used 74212K, committed 74624K, reserved 1179648K
  class space    used 9040K, committed 9216K, reserved 1048576K
}
Event: 26311.430 GC heap after
{Heap after GC invocations=115 (full 1):
 garbage-first heap   total 61440K, used 28761K [0x00000000a0400000, 0x0000000100000000)
  region size 1024K, 1 young (1024K), 1 survivors (1024K)
 Metaspace       used 74212K, committed 74624K, reserved 1179648K
  class space    used 9040K, committed 9216K, reserved 1048576K
}
Event: 26899.625 GC heap before
{Heap before GC invocations=116 (full 1):
 garbage-first heap   total 61440K, used 53337K [0x00000000a0400000, 0x0000000100000000)
  region size 1024K, 25 young (25600K), 1 survivors (1024K)
 Metaspace       used 74216K, committed 74624K, reserved 1179648K
  class space    used 9040K, committed 9216K, reserved 1048576K
}
Event: 26899.629 GC heap after
{Heap after GC invocations=117 (full 1):
 garbage-first heap   total 61440K, used 29198K [0x00000000a0400000, 0x0000000100000000)
  region size 1024K, 1 young (1024K), 1 survivors (1024K)
 Metaspace       used 74216K, committed 74624K, reserved 1179648K
  class space    used 9040K, committed 9216K, reserved 1048576K
}
Event: 26935.788 GC heap before
{Heap before GC invocations=117 (full 1):
 garbage-first heap   total 61440K, used 31246K [0x00000000a0400000, 0x0000000100000000)
  region size 1024K, 3 young (3072K), 1 survivors (1024K)
 Metaspace       used 74216K, committed 74624K, reserved 1179648K
  class space    used 9040K, committed 9216K, reserved 1048576K
}
Event: 26935.799 GC heap after
{Heap after GC invocations=118 (full 1):
 garbage-first heap   total 61440K, used 29133K [0x00000000a0400000, 0x0000000100000000)
  region size 1024K, 1 young (1024K), 1 survivors (1024K)
 Metaspace       used 74216K, committed 74624K, reserved 1179648K
  class space    used 9040K, committed 9216K, reserved 1048576K
}
Event: 27589.771 GC heap before
{Heap before GC invocations=118 (full 1):
 garbage-first heap   total 61440K, used 52685K [0x00000000a0400000, 0x0000000100000000)
  region size 1024K, 24 young (24576K), 1 survivors (1024K)
 Metaspace       used 74218K, committed 74624K, reserved 1179648K
  class space    used 9040K, committed 9216K, reserved 1048576K
}
Event: 27589.773 GC heap after
{Heap after GC invocations=119 (full 1):
 garbage-first heap   total 61440K, used 29145K [0x00000000a0400000, 0x0000000100000000)
  region size 1024K, 1 young (1024K), 1 survivors (1024K)
 Metaspace       used 74218K, committed 74624K, reserved 1179648K
  class space    used 9040K, committed 9216K, reserved 1048576K
}
Event: 28253.361 GC heap before
{Heap before GC invocations=120 (full 1):
 garbage-first heap   total 61440K, used 52697K [0x00000000a0400000, 0x0000000100000000)
  region size 1024K, 24 young (24576K), 1 survivors (1024K)
 Metaspace       used 74218K, committed 74624K, reserved 1179648K
  class space    used 9040K, committed 9216K, reserved 1048576K
}
Event: 28253.363 GC heap after
{Heap after GC invocations=121 (full 1):
 garbage-first heap   total 61440K, used 29098K [0x00000000a0400000, 0x0000000100000000)
  region size 1024K, 1 young (1024K), 1 survivors (1024K)
 Metaspace       used 74218K, committed 74624K, reserved 1179648K
  class space    used 9040K, committed 9216K, reserved 1048576K
}
Event: 28310.400 GC heap before
{Heap before GC invocations=121 (full 1):
 garbage-first heap   total 61440K, used 31146K [0x00000000a0400000, 0x0000000100000000)
  region size 1024K, 3 young (3072K), 1 survivors (1024K)
 Metaspace       used 74218K, committed 74624K, reserved 1179648K
  class space    used 9040K, committed 9216K, reserved 1048576K
}
Event: 28310.413 GC heap after
{Heap after GC invocations=122 (full 1):
 garbage-first heap   total 61440K, used 28629K [0x00000000a0400000, 0x0000000100000000)
  region size 1024K, 1 young (1024K), 1 survivors (1024K)
 Metaspace       used 74218K, committed 74624K, reserved 1179648K
  class space    used 9040K, committed 9216K, reserved 1048576K
}

